Arguments: 
  /usr/bin/node /mnt/c/Users/Edward/AppData/Roaming/npm/node_modules/yarn/bin/yarn.js

PATH: 
  /home/edward/.vscode-server/bin/8795a9889db74563ddd43eb0a897a2384129a619/bin:/usr/local/sbin:/usr/local/bin:/usr/sbin:/usr/bin:/sbin:/bin:/usr/games:/usr/local/games:/mnt/c/Program Files (x86)/Common Files/Intel/Shared Files/cpp/Bin/Intel64:/mnt/c/Windows/System32:/mnt/c/Windows:/mnt/c/Windows/System32/wbem:/mnt/c/Windows/System32/WindowsPowerShell/v1.0:/mnt/c/Program Files/nodejs:/mnt/d/Program Files (x86)/Git/cmd:/mnt/c/Windows/System32/OpenSSH:/mnt/d/Program Files/Microsoft VS Code/bin:/mnt/f/Edward/laragon/bin/php/php-7.1.14-Win32-VC14-x64:/mnt/c/ProgramData/ComposerSetup/bin:/mnt/c/Users/Edward/AppData/Local/Microsoft/WindowsApps:/mnt/c/Users/Edward/AppData/Roaming/npm:/mnt/c/Program Files/Microsoft VS Code/bin:/mnt/d/Program Files/Microsoft VS Code/bin:/mnt/c/Users/Edward/AppData/Local/hyper/app-3.0.2/resources/bin:/mnt/c/Users/Edward/AppData/Local/BypassRuntm:/snap/bin

Yarn version: 
  1.19.1

Node version: 
  10.16.3

Platform: 
  linux x64

Trace: 
  Error: ENOENT: no such file or directory, copyfile '/home/edward/.cache/yarn/v6/npm-@angular-devkit-schematics-8.3.19-a3b78a90486028b86b139eff8b5e9c5f0fab6497-integrity/node_modules/@angular-devkit/schematics/src/utility/linked-list.d.ts' -> '/mnt/f/Edward/project/node-graphql-app/node_modules/@angular-devkit/schematics/src/utility/linked-list.d.ts'

npm manifest: 
  {
    "name": "nest-typescript-starter",
    "version": "1.0.0",
    "description": "Nest TypeScript starter repository",
    "license": "MIT",
    "scripts": {
      "prebuild": "rimraf dist",
      "build": "nest build",
      "format": "prettier --write \"src/**/*.ts\" \"test/**/*.ts\"",
      "start": "nest start",
      "start:dev": "nest start --watch",
      "start:debug": "nest start --debug --watch",
      "start:prod": "node dist/main",
      "lint": "tslint -p tsconfig.json -c tslint.json",
      "test": "jest",
      "test:watch": "jest --watch",
      "test:cov": "jest --coverage",
      "test:debug": "node --inspect-brk -r tsconfig-paths/register -r ts-node/register node_modules/.bin/jest --runInBand",
      "test:e2e": "echo 'No e2e tests implemented yet.'"
    },
    "dependencies": {
      "@nestjs/common": "6.10.2",
      "@nestjs/core": "6.10.2",
      "@nestjs/graphql": "6.5.3",
      "@nestjs/platform-express": "6.10.2",
      "apollo-server-express": "2.9.12",
      "class-transformer": "0.2.3",
      "class-validator": "0.11.0",
      "graphql": "14.5.8",
      "graphql-subscriptions": "1.1.0",
      "reflect-metadata": "0.1.13",
      "rimraf": "2.7.1",
      "rxjs": "6.5.3"
    },
    "devDependencies": {
      "@nestjs/cli": "6.12.2",
      "@nestjs/schematics": "6.7.3",
      "@nestjs/testing": "6.10.2",
      "@types/express": "4.17.2",
      "@types/node": "12.12.14",
      "@types/supertest": "2.0.8",
      "jest": "24.9.0",
      "prettier": "1.19.1",
      "supertest": "4.0.2",
      "ts-jest": "24.2.0",
      "ts-loader": "6.2.1",
      "ts-node": "8.5.2",
      "tsconfig-paths": "3.9.0",
      "tslint": "5.20.1",
      "typescript": "3.7.2"
    }
  }

yarn manifest: 
  No manifest

Lockfile: 
  No lockfile
